<?xml version="1.0" encoding="UTF-8"?>
<testsuite xmlns:xsi="http://www.w3.org/2001/XMLSchema-instance" xsi:noNamespaceSchemaLocation="https://maven.apache.org/surefire/maven-surefire-plugin/xsd/surefire-test-report.xsd" version="3.0.2" name="equipe18test.ContratATest" time="0.008" tests="5" errors="0" skipped="0" failures="0">
  <properties>
[...]
</properties>
  <testcase name="testRemboursementCategory100" classname="equipe18test.ContratATest" time="0.001"/>
  <testcase name="testRemboursementCategory175" classname="equipe18test.ContratATest" time="0.0"/>
  <testcase name="testRemboursementCategory300" classname="equipe18test.ContratATest" time="0.001"/>
  <testcase name="testRemboursementCategory600" classname="equipe18test.ContratATest" time="0.001"/>
  <testcase name="testRemboursementCategory0" classname="equipe18test.ContratATest" time="0.001"/>
</testsuite>